Wed Apr 16 00:16:56 EDT 2014
Product Attributes index was successfully changed index mode
Product Prices index was successfully changed index mode
Catalog URL Rewrites index was successfully changed index mode
Product Flat Data index was successfully changed index mode
Category Flat Data index was successfully changed index mode
Category Products index was successfully changed index mode
Catalog Search Index index was successfully changed index mode
Stock Status index was successfully changed index mode
Tag Aggregation Data index was successfully changed index mode
Product Attributes index was rebuilt successfully
Product Prices index was rebuilt successfully
Catalog URL Rewrites index was rebuilt successfully
Product Flat Data index was rebuilt successfully
Category Products index was rebuilt successfully
Catalog Search Index index was rebuilt successfully
Stock Status index was rebuilt successfully
Tag Aggregation Data index was rebuilt successfully
Product Attributes index was successfully changed index mode
Product Prices index was successfully changed index mode
Catalog URL Rewrites index was successfully changed index mode
Product Flat Data index was successfully changed index mode
Category Flat Data index was successfully changed index mode
Category Products index was successfully changed index mode
Catalog Search Index index was successfully changed index mode
Stock Status index was successfully changed index mode
Tag Aggregation Data index was successfully changed index mode
/var/www/vhosts/ns5001601.ip-192-95-33.net/www.os-store.com/aier
Wed Apr 16 01:49:34 EDT 2014
