2013/07/19 16:55:47 [error] [exception.CHttpException.404] exception 'CHttpException' with message 'Unable to resolve the request "post/index".' in /var/www/test.yofus.com/gitswitcher/framework/web/CWebApplication.php:286
Stack trace:
#0 /var/www/test.yofus.com/gitswitcher/framework/web/CWebApplication.php(141): CWebApplication->runController('post/index')
#1 /var/www/test.yofus.com/gitswitcher/framework/base/CApplication.php(169): CWebApplication->processRequest()
#2 /var/www/test.yofus.com/gitswitcher/index.php(11): CApplication->run()
#3 {main}
REQUEST_URI=/gitswitcher/index.php/post/index
HTTP_REFERER=http://test.yofus.com/gitswitcher/index.php
---
2013/07/26 11:11:07 [error] [php] date(): It is not safe to rely on the system's timezone settings. You are *required* to use the date.timezone setting or the date_default_timezone_set() function. In case you used any of those methods and you are still getting this warning, you most likely misspelled the timezone identifier. We selected 'America/New_York' for 'EDT/-4.0/DST' instead (/var/www/vhosts/ns5001601.ip-192-95-33.net/www.os-store.com/aier/protected/views/layouts/main.php:47)
Stack trace:
#0 /var/www/vhosts/ns5001601.ip-192-95-33.net/www.os-store.com/aier/framework/web/CBaseController.php(95): JobsController->renderInternal()
#1 /var/www/vhosts/ns5001601.ip-192-95-33.net/www.os-store.com/aier/framework/web/widgets/CContentDecorator.php(76): JobsController->renderFile()
#2 /var/www/vhosts/ns5001601.ip-192-95-33.net/www.os-store.com/aier/framework/web/widgets/CContentDecorator.php(54): CContentDecorator->decorate()
#3 /var/www/vhosts/ns5001601.ip-192-95-33.net/www.os-store.com/aier/framework/web/widgets/COutputProcessor.php(44): CContentDecorator->processOutput()
#4 /var/www/vhosts/ns5001601.ip-192-95-33.net/www.os-store.com/aier/framework/web/CBaseController.php(206): CContentDecorator->run()
#5 /var/www/vhosts/ns5001601.ip-192-95-33.net/www.os-store.com/aier/framework/web/CBaseController.php(300): JobsController->endWidget()
#6 /var/www/vhosts/ns5001601.ip-192-95-33.net/www.os-store.com/aier/protected/views/layouts/column1.php(7): JobsController->endContent()
#7 /var/www/vhosts/ns5001601.ip-192-95-33.net/www.os-store.com/aier/framework/web/CBaseController.php(126): require()
#8 /var/www/vhosts/ns5001601.ip-192-95-33.net/www.os-store.com/aier/framework/web/CBaseController.php(95): JobsController->renderInternal()
#9 /var/www/vhosts/ns5001601.ip-192-95-33.net/www.os-store.com/aier/framework/web/CController.php(784): JobsController->renderFile()
#10 /var/www/vhosts/ns5001601.ip-192-95-33.net/www.os-store.com/aier/protected/controllers/JobsController.php(91): JobsController->render()
#11 /var/www/vhosts/ns5001601.ip-192-95-33.net/www.os-store.com/aier/framework/web/actions/CInlineAction.php(49): JobsController->actionIndex()
#12 /var/www/vhosts/ns5001601.ip-192-95-33.net/www.os-store.com/aier/framework/web/CController.php(308): CInlineAction->runWithParams()
#13 /var/www/vhosts/ns5001601.ip-192-95-33.net/www.os-store.com/aier/framework/web/filters/CFilterChain.php(133): JobsController->runAction()
#14 /var/www/vhosts/ns5001601.ip-192-95-33.net/www.os-store.com/aier/framework/web/filters/CFilter.php(40): CFilterChain->run()
#15 /var/www/vhosts/ns5001601.ip-192-95-33.net/www.os-store.com/aier/framework/web/CController.php(1145): CAccessControlFilter->filter()
#16 /var/www/vhosts/ns5001601.ip-192-95-33.net/www.os-store.com/aier/framework/web/filters/CInlineFilter.php(58): JobsController->filterAccessControl()
#17 /var/www/vhosts/ns5001601.ip-192-95-33.net/www.os-store.com/aier/framework/web/filters/CFilterChain.php(130): CInlineFilter->filter()
#18 /var/www/vhosts/ns5001601.ip-192-95-33.net/www.os-store.com/aier/framework/web/CController.php(291): CFilterChain->run()
#19 /var/www/vhosts/ns5001601.ip-192-95-33.net/www.os-store.com/aier/framework/web/CController.php(265): JobsController->runActionWithFilters()
#20 /var/www/vhosts/ns5001601.ip-192-95-33.net/www.os-store.com/aier/framework/web/CWebApplication.php(282): JobsController->run()
#21 /var/www/vhosts/ns5001601.ip-192-95-33.net/www.os-store.com/aier/framework/web/CWebApplication.php(141): CWebApplication->runController()
#22 /var/www/vhosts/ns5001601.ip-192-95-33.net/www.os-store.com/aier/framework/base/CApplication.php(169): CWebApplication->processRequest()
#23 /var/www/vhosts/ns5001601.ip-192-95-33.net/www.os-store.com/aier/index.php(11): CWebApplication->run()
REQUEST_URI=/aier/
2013/07/26 11:26:46 [error] [exception.CHttpException.404] exception 'CHttpException' with message 'Unable to resolve the request "post/index".' in /var/www/vhosts/ns5001601.ip-192-95-33.net/www.os-store.com/aier/framework/web/CWebApplication.php:286
Stack trace:
#0 /var/www/vhosts/ns5001601.ip-192-95-33.net/www.os-store.com/aier/framework/web/CWebApplication.php(141): CWebApplication->runController('post/index')
#1 /var/www/vhosts/ns5001601.ip-192-95-33.net/www.os-store.com/aier/framework/base/CApplication.php(169): CWebApplication->processRequest()
#2 /var/www/vhosts/ns5001601.ip-192-95-33.net/www.os-store.com/aier/index.php(11): CApplication->run()
#3 {main}
REQUEST_URI=/aier/index.php/post/index
HTTP_REFERER=http://www.os-store.com/aier/
---
2013/07/26 11:27:38 [error] [system.db.CDbCommand] CDbCommand::execute() failed: SQLSTATE[HY000]: General error: 14 unable to open database file. The SQL statement executed was: INSERT INTO 'tbl_jobs' ("branch") VALUES (:yp0).
2013/07/26 11:27:38 [error] [exception.CDbException] exception 'CDbException' with message 'CDbCommand failed to execute the SQL statement: SQLSTATE[HY000]: General error: 14 unable to open database file' in /var/www/vhosts/ns5001601.ip-192-95-33.net/www.os-store.com/aier/framework/db/CDbCommand.php:357
Stack trace:
#0 /var/www/vhosts/ns5001601.ip-192-95-33.net/www.os-store.com/aier/framework/db/ar/CActiveRecord.php(1023): CDbCommand->execute()
#1 /var/www/vhosts/ns5001601.ip-192-95-33.net/www.os-store.com/aier/framework/db/ar/CActiveRecord.php(795): CActiveRecord->insert(NULL)
#2 /var/www/vhosts/ns5001601.ip-192-95-33.net/www.os-store.com/aier/protected/controllers/JobsController.php(59): CActiveRecord->save()
#3 /var/www/vhosts/ns5001601.ip-192-95-33.net/www.os-store.com/aier/framework/web/actions/CInlineAction.php(49): JobsController->actionIndex()
#4 /var/www/vhosts/ns5001601.ip-192-95-33.net/www.os-store.com/aier/framework/web/CController.php(308): CInlineAction->runWithParams(Array)
#5 /var/www/vhosts/ns5001601.ip-192-95-33.net/www.os-store.com/aier/framework/web/filters/CFilterChain.php(133): CController->runAction(Object(CInlineAction))
#6 /var/www/vhosts/ns5001601.ip-192-95-33.net/www.os-store.com/aier/framework/web/filters/CFilter.php(40): CFilterChain->run()
#7 /var/www/vhosts/ns5001601.ip-192-95-33.net/www.os-store.com/aier/framework/web/CController.php(1145): CFilter->filter(Object(CFilterChain))
#8 /var/www/vhosts/ns5001601.ip-192-95-33.net/www.os-store.com/aier/framework/web/filters/CInlineFilter.php(58): CController->filterAccessControl(Object(CFilterChain))
#9 /var/www/vhosts/ns5001601.ip-192-95-33.net/www.os-store.com/aier/framework/web/filters/CFilterChain.php(130): CInlineFilter->filter(Object(CFilterChain))
#10 /var/www/vhosts/ns5001601.ip-192-95-33.net/www.os-store.com/aier/framework/web/CController.php(291): CFilterChain->run()
#11 /var/www/vhosts/ns5001601.ip-192-95-33.net/www.os-store.com/aier/framework/web/CController.php(265): CController->runActionWithFilters(Object(CInlineAction), Array)
#12 /var/www/vhosts/ns5001601.ip-192-95-33.net/www.os-store.com/aier/framework/web/CWebApplication.php(282): CController->run('index')
#13 /var/www/vhosts/ns5001601.ip-192-95-33.net/www.os-store.com/aier/framework/web/CWebApplication.php(141): CWebApplication->runController('jobs/index')
#14 /var/www/vhosts/ns5001601.ip-192-95-33.net/www.os-store.com/aier/framework/base/CApplication.php(169): CWebApplication->processRequest()
#15 /var/www/vhosts/ns5001601.ip-192-95-33.net/www.os-store.com/aier/index.php(11): CApplication->run()
#16 {main}
REQUEST_URI=/aier/index.php/jobs/index
HTTP_REFERER=http://www.os-store.com/aier/index.php/jobs/index
---
2013/07/26 11:30:00 [error] [exception.CHttpException.404] exception 'CHttpException' with message 'Unable to resolve the request "post/index".' in /var/www/vhosts/ns5001601.ip-192-95-33.net/www.os-store.com/aier/framework/web/CWebApplication.php:286
Stack trace:
#0 /var/www/vhosts/ns5001601.ip-192-95-33.net/www.os-store.com/aier/framework/web/CWebApplication.php(141): CWebApplication->runController('post/index')
#1 /var/www/vhosts/ns5001601.ip-192-95-33.net/www.os-store.com/aier/framework/base/CApplication.php(169): CWebApplication->processRequest()
#2 /var/www/vhosts/ns5001601.ip-192-95-33.net/www.os-store.com/aier/index.php(11): CApplication->run()
#3 {main}
REQUEST_URI=/aier/index.php/post/index
HTTP_REFERER=http://www.os-store.com/aier/index.php/jobs/index
---
2013/07/26 11:30:06 [error] [exception.CHttpException.404] exception 'CHttpException' with message 'Unable to resolve the request "post/index".' in /var/www/vhosts/ns5001601.ip-192-95-33.net/www.os-store.com/aier/framework/web/CWebApplication.php:286
Stack trace:
#0 /var/www/vhosts/ns5001601.ip-192-95-33.net/www.os-store.com/aier/framework/web/CWebApplication.php(141): CWebApplication->runController('post/index')
#1 /var/www/vhosts/ns5001601.ip-192-95-33.net/www.os-store.com/aier/framework/base/CApplication.php(169): CWebApplication->processRequest()
#2 /var/www/vhosts/ns5001601.ip-192-95-33.net/www.os-store.com/aier/index.php(11): CApplication->run()
#3 {main}
REQUEST_URI=/aier/index.php/posts/index
---
2013/07/26 11:56:46 [error] [exception.CHttpException.404] exception 'CHttpException' with message 'Unable to resolve the request "post/index".' in /var/www/vhosts/ns5001601.ip-192-95-33.net/www.os-store.com/aier/framework/web/CWebApplication.php:286
Stack trace:
#0 /var/www/vhosts/ns5001601.ip-192-95-33.net/www.os-store.com/aier/framework/web/CWebApplication.php(141): CWebApplication->runController('post/index')
#1 /var/www/vhosts/ns5001601.ip-192-95-33.net/www.os-store.com/aier/framework/base/CApplication.php(169): CWebApplication->processRequest()
#2 /var/www/vhosts/ns5001601.ip-192-95-33.net/www.os-store.com/aier/index.php(11): CApplication->run()
#3 {main}
REQUEST_URI=/aier/index.php/post/index
---
2013/07/26 12:00:07 [error] [exception.CHttpException.404] exception 'CHttpException' with message 'Unable to resolve the request "post/index".' in /var/www/vhosts/ns5001601.ip-192-95-33.net/www.os-store.com/aier/framework/web/CWebApplication.php:286
Stack trace:
#0 /var/www/vhosts/ns5001601.ip-192-95-33.net/www.os-store.com/aier/framework/web/CWebApplication.php(141): CWebApplication->runController('post/index')
#1 /var/www/vhosts/ns5001601.ip-192-95-33.net/www.os-store.com/aier/framework/base/CApplication.php(169): CWebApplication->processRequest()
#2 /var/www/vhosts/ns5001601.ip-192-95-33.net/www.os-store.com/aier/index.php(11): CApplication->run()
#3 {main}
REQUEST_URI=/aier/index.php/posts/index
---
2013/07/26 12:03:53 [error] [exception.CException] exception 'CException' with message 'CAssetManager.basePath "/var/www/vhosts/ns5001601.ip-192-95-33.net/www.os-store.com/aier/assets" is invalid. Please make sure the directory exists and is writable by the Web server process.' in /var/www/vhosts/ns5001601.ip-192-95-33.net/www.os-store.com/aier/framework/web/CAssetManager.php:138
Stack trace:
#0 /var/www/vhosts/ns5001601.ip-192-95-33.net/www.os-store.com/aier/framework/web/CAssetManager.php(123): CAssetManager->setBasePath('/var/www/vhosts...')
#1 /var/www/vhosts/ns5001601.ip-192-95-33.net/www.os-store.com/aier/framework/web/CAssetManager.php(217): CAssetManager->getBasePath()
#2 /var/www/vhosts/ns5001601.ip-192-95-33.net/www.os-store.com/aier/framework/web/CClientScript.php(462): CAssetManager->publish('/var/www/vhosts...')
#3 /var/www/vhosts/ns5001601.ip-192-95-33.net/www.os-store.com/aier/framework/web/CClientScript.php(499): CClientScript->getCoreScriptUrl()
#4 /var/www/vhosts/ns5001601.ip-192-95-33.net/www.os-store.com/aier/framework/web/CClientScript.php(315): CClientScript->getPackageBaseUrl('jquery')
#5 /var/www/vhosts/ns5001601.ip-192-95-33.net/www.os-store.com/aier/framework/web/CClientScript.php(208): CClientScript->renderCoreScripts()
#6 /var/www/vhosts/ns5001601.ip-192-95-33.net/www.os-store.com/aier/framework/web/CController.php(351): CClientScript->render('<!DOCTYPE html ...')
#7 /var/www/vhosts/ns5001601.ip-192-95-33.net/www.os-store.com/aier/framework/web/CController.php(788): CController->processOutput('<!DOCTYPE html ...')
#8 /var/www/vhosts/ns5001601.ip-192-95-33.net/www.os-store.com/aier/protected/controllers/SiteController.php(86): CController->render('login', Array)
#9 /var/www/vhosts/ns5001601.ip-192-95-33.net/www.os-store.com/aier/framework/web/actions/CInlineAction.php(49): SiteController->actionLogin()
#10 /var/www/vhosts/ns5001601.ip-192-95-33.net/www.os-store.com/aier/framework/web/CController.php(308): CInlineAction->runWithParams(Array)
#11 /var/www/vhosts/ns5001601.ip-192-95-33.net/www.os-store.com/aier/framework/web/CController.php(286): CController->runAction(Object(CInlineAction))
#12 /var/www/vhosts/ns5001601.ip-192-95-33.net/www.os-store.com/aier/framework/web/CController.php(265): CController->runActionWithFilters(Object(CInlineAction), Array)
#13 /var/www/vhosts/ns5001601.ip-192-95-33.net/www.os-store.com/aier/framework/web/CWebApplication.php(282): CController->run('login')
#14 /var/www/vhosts/ns5001601.ip-192-95-33.net/www.os-store.com/aier/framework/web/CWebApplication.php(141): CWebApplication->runController('site/login')
#15 /var/www/vhosts/ns5001601.ip-192-95-33.net/www.os-store.com/aier/framework/base/CApplication.php(169): CWebApplication->processRequest()
#16 /var/www/vhosts/ns5001601.ip-192-95-33.net/www.os-store.com/aier/index.php(11): CApplication->run()
#17 {main}
REQUEST_URI=/aier/index.php/site/login
HTTP_REFERER=http://www.os-store.com/aier/
---
2013/07/26 12:04:31 [error] [exception.CException] exception 'CException' with message 'CAssetManager.basePath "/var/www/vhosts/ns5001601.ip-192-95-33.net/www.os-store.com/aier/assets" is invalid. Please make sure the directory exists and is writable by the Web server process.' in /var/www/vhosts/ns5001601.ip-192-95-33.net/www.os-store.com/aier/framework/web/CAssetManager.php:138
Stack trace:
#0 /var/www/vhosts/ns5001601.ip-192-95-33.net/www.os-store.com/aier/framework/web/CAssetManager.php(123): CAssetManager->setBasePath('/var/www/vhosts...')
#1 /var/www/vhosts/ns5001601.ip-192-95-33.net/www.os-store.com/aier/framework/web/CAssetManager.php(217): CAssetManager->getBasePath()
#2 /var/www/vhosts/ns5001601.ip-192-95-33.net/www.os-store.com/aier/framework/web/CClientScript.php(462): CAssetManager->publish('/var/www/vhosts...')
#3 /var/www/vhosts/ns5001601.ip-192-95-33.net/www.os-store.com/aier/framework/web/CClientScript.php(499): CClientScript->getCoreScriptUrl()
#4 /var/www/vhosts/ns5001601.ip-192-95-33.net/www.os-store.com/aier/framework/web/CClientScript.php(315): CClientScript->getPackageBaseUrl('jquery')
#5 /var/www/vhosts/ns5001601.ip-192-95-33.net/www.os-store.com/aier/framework/web/CClientScript.php(208): CClientScript->renderCoreScripts()
#6 /var/www/vhosts/ns5001601.ip-192-95-33.net/www.os-store.com/aier/framework/web/CController.php(351): CClientScript->render('<!DOCTYPE html ...')
#7 /var/www/vhosts/ns5001601.ip-192-95-33.net/www.os-store.com/aier/framework/web/CController.php(788): CController->processOutput('<!DOCTYPE html ...')
#8 /var/www/vhosts/ns5001601.ip-192-95-33.net/www.os-store.com/aier/protected/controllers/SiteController.php(86): CController->render('login', Array)
#9 /var/www/vhosts/ns5001601.ip-192-95-33.net/www.os-store.com/aier/framework/web/actions/CInlineAction.php(49): SiteController->actionLogin()
#10 /var/www/vhosts/ns5001601.ip-192-95-33.net/www.os-store.com/aier/framework/web/CController.php(308): CInlineAction->runWithParams(Array)
#11 /var/www/vhosts/ns5001601.ip-192-95-33.net/www.os-store.com/aier/framework/web/CController.php(286): CController->runAction(Object(CInlineAction))
#12 /var/www/vhosts/ns5001601.ip-192-95-33.net/www.os-store.com/aier/framework/web/CController.php(265): CController->runActionWithFilters(Object(CInlineAction), Array)
#13 /var/www/vhosts/ns5001601.ip-192-95-33.net/www.os-store.com/aier/framework/web/CWebApplication.php(282): CController->run('login')
#14 /var/www/vhosts/ns5001601.ip-192-95-33.net/www.os-store.com/aier/framework/web/CWebApplication.php(141): CWebApplication->runController('site/login')
#15 /var/www/vhosts/ns5001601.ip-192-95-33.net/www.os-store.com/aier/framework/base/CApplication.php(169): CWebApplication->processRequest()
#16 /var/www/vhosts/ns5001601.ip-192-95-33.net/www.os-store.com/aier/index.php(11): CApplication->run()
#17 {main}
REQUEST_URI=/aier/index.php/site/login
---
2013/07/26 12:04:34 [error] [exception.CException] exception 'CException' with message 'CAssetManager.basePath "/var/www/vhosts/ns5001601.ip-192-95-33.net/www.os-store.com/aier/assets" is invalid. Please make sure the directory exists and is writable by the Web server process.' in /var/www/vhosts/ns5001601.ip-192-95-33.net/www.os-store.com/aier/framework/web/CAssetManager.php:138
Stack trace:
#0 /var/www/vhosts/ns5001601.ip-192-95-33.net/www.os-store.com/aier/framework/web/CAssetManager.php(123): CAssetManager->setBasePath('/var/www/vhosts...')
#1 /var/www/vhosts/ns5001601.ip-192-95-33.net/www.os-store.com/aier/framework/web/CAssetManager.php(217): CAssetManager->getBasePath()
#2 /var/www/vhosts/ns5001601.ip-192-95-33.net/www.os-store.com/aier/framework/web/CClientScript.php(462): CAssetManager->publish('/var/www/vhosts...')
#3 /var/www/vhosts/ns5001601.ip-192-95-33.net/www.os-store.com/aier/framework/web/CClientScript.php(499): CClientScript->getCoreScriptUrl()
#4 /var/www/vhosts/ns5001601.ip-192-95-33.net/www.os-store.com/aier/framework/web/CClientScript.php(315): CClientScript->getPackageBaseUrl('jquery')
#5 /var/www/vhosts/ns5001601.ip-192-95-33.net/www.os-store.com/aier/framework/web/CClientScript.php(208): CClientScript->renderCoreScripts()
#6 /var/www/vhosts/ns5001601.ip-192-95-33.net/www.os-store.com/aier/framework/web/CController.php(351): CClientScript->render('<!DOCTYPE html ...')
#7 /var/www/vhosts/ns5001601.ip-192-95-33.net/www.os-store.com/aier/framework/web/CController.php(788): CController->processOutput('<!DOCTYPE html ...')
#8 /var/www/vhosts/ns5001601.ip-192-95-33.net/www.os-store.com/aier/protected/controllers/SiteController.php(86): CController->render('login', Array)
#9 /var/www/vhosts/ns5001601.ip-192-95-33.net/www.os-store.com/aier/framework/web/actions/CInlineAction.php(49): SiteController->actionLogin()
#10 /var/www/vhosts/ns5001601.ip-192-95-33.net/www.os-store.com/aier/framework/web/CController.php(308): CInlineAction->runWithParams(Array)
#11 /var/www/vhosts/ns5001601.ip-192-95-33.net/www.os-store.com/aier/framework/web/CController.php(286): CController->runAction(Object(CInlineAction))
#12 /var/www/vhosts/ns5001601.ip-192-95-33.net/www.os-store.com/aier/framework/web/CController.php(265): CController->runActionWithFilters(Object(CInlineAction), Array)
#13 /var/www/vhosts/ns5001601.ip-192-95-33.net/www.os-store.com/aier/framework/web/CWebApplication.php(282): CController->run('login')
#14 /var/www/vhosts/ns5001601.ip-192-95-33.net/www.os-store.com/aier/framework/web/CWebApplication.php(141): CWebApplication->runController('site/login')
#15 /var/www/vhosts/ns5001601.ip-192-95-33.net/www.os-store.com/aier/framework/base/CApplication.php(169): CWebApplication->processRequest()
#16 /var/www/vhosts/ns5001601.ip-192-95-33.net/www.os-store.com/aier/index.php(11): CApplication->run()
#17 {main}
REQUEST_URI=/aier/index.php/site/login
---
2013/07/26 12:04:43 [error] [exception.CException] exception 'CException' with message 'CAssetManager.basePath "/var/www/vhosts/ns5001601.ip-192-95-33.net/www.os-store.com/aier/assets" is invalid. Please make sure the directory exists and is writable by the Web server process.' in /var/www/vhosts/ns5001601.ip-192-95-33.net/www.os-store.com/aier/framework/web/CAssetManager.php:138
Stack trace:
#0 /var/www/vhosts/ns5001601.ip-192-95-33.net/www.os-store.com/aier/framework/web/CAssetManager.php(123): CAssetManager->setBasePath('/var/www/vhosts...')
#1 /var/www/vhosts/ns5001601.ip-192-95-33.net/www.os-store.com/aier/framework/web/CAssetManager.php(217): CAssetManager->getBasePath()
#2 /var/www/vhosts/ns5001601.ip-192-95-33.net/www.os-store.com/aier/framework/web/CClientScript.php(462): CAssetManager->publish('/var/www/vhosts...')
#3 /var/www/vhosts/ns5001601.ip-192-95-33.net/www.os-store.com/aier/framework/web/CClientScript.php(499): CClientScript->getCoreScriptUrl()
#4 /var/www/vhosts/ns5001601.ip-192-95-33.net/www.os-store.com/aier/framework/web/CClientScript.php(315): CClientScript->getPackageBaseUrl('jquery')
#5 /var/www/vhosts/ns5001601.ip-192-95-33.net/www.os-store.com/aier/framework/web/CClientScript.php(208): CClientScript->renderCoreScripts()
#6 /var/www/vhosts/ns5001601.ip-192-95-33.net/www.os-store.com/aier/framework/web/CController.php(351): CClientScript->render('<!DOCTYPE html ...')
#7 /var/www/vhosts/ns5001601.ip-192-95-33.net/www.os-store.com/aier/framework/web/CController.php(788): CController->processOutput('<!DOCTYPE html ...')
#8 /var/www/vhosts/ns5001601.ip-192-95-33.net/www.os-store.com/aier/protected/controllers/SiteController.php(86): CController->render('login', Array)
#9 /var/www/vhosts/ns5001601.ip-192-95-33.net/www.os-store.com/aier/framework/web/actions/CInlineAction.php(49): SiteController->actionLogin()
#10 /var/www/vhosts/ns5001601.ip-192-95-33.net/www.os-store.com/aier/framework/web/CController.php(308): CInlineAction->runWithParams(Array)
#11 /var/www/vhosts/ns5001601.ip-192-95-33.net/www.os-store.com/aier/framework/web/CController.php(286): CController->runAction(Object(CInlineAction))
#12 /var/www/vhosts/ns5001601.ip-192-95-33.net/www.os-store.com/aier/framework/web/CController.php(265): CController->runActionWithFilters(Object(CInlineAction), Array)
#13 /var/www/vhosts/ns5001601.ip-192-95-33.net/www.os-store.com/aier/framework/web/CWebApplication.php(282): CController->run('login')
#14 /var/www/vhosts/ns5001601.ip-192-95-33.net/www.os-store.com/aier/framework/web/CWebApplication.php(141): CWebApplication->runController('site/login')
#15 /var/www/vhosts/ns5001601.ip-192-95-33.net/www.os-store.com/aier/framework/base/CApplication.php(169): CWebApplication->processRequest()
#16 /var/www/vhosts/ns5001601.ip-192-95-33.net/www.os-store.com/aier/index.php(11): CApplication->run()
#17 {main}
REQUEST_URI=/aier/index.php/site/login
---
2013/07/26 12:09:55 [error] [exception.CException] exception 'CException' with message 'CAssetManager.basePath "/var/www/vhosts/ns5001601.ip-192-95-33.net/www.os-store.com/aier/assets" is invalid. Please make sure the directory exists and is writable by the Web server process.' in /var/www/vhosts/ns5001601.ip-192-95-33.net/www.os-store.com/aier/framework/web/CAssetManager.php:138
Stack trace:
#0 /var/www/vhosts/ns5001601.ip-192-95-33.net/www.os-store.com/aier/framework/web/CAssetManager.php(123): CAssetManager->setBasePath('/var/www/vhosts...')
#1 /var/www/vhosts/ns5001601.ip-192-95-33.net/www.os-store.com/aier/framework/web/CAssetManager.php(217): CAssetManager->getBasePath()
#2 /var/www/vhosts/ns5001601.ip-192-95-33.net/www.os-store.com/aier/framework/web/CClientScript.php(462): CAssetManager->publish('/var/www/vhosts...')
#3 /var/www/vhosts/ns5001601.ip-192-95-33.net/www.os-store.com/aier/framework/web/CClientScript.php(499): CClientScript->getCoreScriptUrl()
#4 /var/www/vhosts/ns5001601.ip-192-95-33.net/www.os-store.com/aier/framework/web/CClientScript.php(315): CClientScript->getPackageBaseUrl('jquery')
#5 /var/www/vhosts/ns5001601.ip-192-95-33.net/www.os-store.com/aier/framework/web/CClientScript.php(208): CClientScript->renderCoreScripts()
#6 /var/www/vhosts/ns5001601.ip-192-95-33.net/www.os-store.com/aier/framework/web/CController.php(351): CClientScript->render('<!DOCTYPE html ...')
#7 /var/www/vhosts/ns5001601.ip-192-95-33.net/www.os-store.com/aier/framework/web/CController.php(788): CController->processOutput('<!DOCTYPE html ...')
#8 /var/www/vhosts/ns5001601.ip-192-95-33.net/www.os-store.com/aier/protected/controllers/SiteController.php(86): CController->render('login', Array)
#9 /var/www/vhosts/ns5001601.ip-192-95-33.net/www.os-store.com/aier/framework/web/actions/CInlineAction.php(49): SiteController->actionLogin()
#10 /var/www/vhosts/ns5001601.ip-192-95-33.net/www.os-store.com/aier/framework/web/CController.php(308): CInlineAction->runWithParams(Array)
#11 /var/www/vhosts/ns5001601.ip-192-95-33.net/www.os-store.com/aier/framework/web/CController.php(286): CController->runAction(Object(CInlineAction))
#12 /var/www/vhosts/ns5001601.ip-192-95-33.net/www.os-store.com/aier/framework/web/CController.php(265): CController->runActionWithFilters(Object(CInlineAction), Array)
#13 /var/www/vhosts/ns5001601.ip-192-95-33.net/www.os-store.com/aier/framework/web/CWebApplication.php(282): CController->run('login')
#14 /var/www/vhosts/ns5001601.ip-192-95-33.net/www.os-store.com/aier/framework/web/CWebApplication.php(141): CWebApplication->runController('site/login')
#15 /var/www/vhosts/ns5001601.ip-192-95-33.net/www.os-store.com/aier/framework/base/CApplication.php(169): CWebApplication->processRequest()
#16 /var/www/vhosts/ns5001601.ip-192-95-33.net/www.os-store.com/aier/index.php(11): CApplication->run()
#17 {main}
REQUEST_URI=/aier/index.php/site/login
HTTP_REFERER=http://www.os-store.com/aier/index.php/jobs/index
---
2013/07/26 12:10:16 [error] [exception.CException] exception 'CException' with message 'CAssetManager.basePath "/var/www/vhosts/ns5001601.ip-192-95-33.net/www.os-store.com/aier/assets" is invalid. Please make sure the directory exists and is writable by the Web server process.' in /var/www/vhosts/ns5001601.ip-192-95-33.net/www.os-store.com/aier/framework/web/CAssetManager.php:138
Stack trace:
#0 /var/www/vhosts/ns5001601.ip-192-95-33.net/www.os-store.com/aier/framework/web/CAssetManager.php(123): CAssetManager->setBasePath('/var/www/vhosts...')
#1 /var/www/vhosts/ns5001601.ip-192-95-33.net/www.os-store.com/aier/framework/web/CAssetManager.php(217): CAssetManager->getBasePath()
#2 /var/www/vhosts/ns5001601.ip-192-95-33.net/www.os-store.com/aier/framework/web/CClientScript.php(462): CAssetManager->publish('/var/www/vhosts...')
#3 /var/www/vhosts/ns5001601.ip-192-95-33.net/www.os-store.com/aier/framework/web/CClientScript.php(499): CClientScript->getCoreScriptUrl()
#4 /var/www/vhosts/ns5001601.ip-192-95-33.net/www.os-store.com/aier/framework/web/CClientScript.php(315): CClientScript->getPackageBaseUrl('jquery')
#5 /var/www/vhosts/ns5001601.ip-192-95-33.net/www.os-store.com/aier/framework/web/CClientScript.php(208): CClientScript->renderCoreScripts()
#6 /var/www/vhosts/ns5001601.ip-192-95-33.net/www.os-store.com/aier/framework/web/CController.php(351): CClientScript->render('<!DOCTYPE html ...')
#7 /var/www/vhosts/ns5001601.ip-192-95-33.net/www.os-store.com/aier/framework/web/CController.php(788): CController->processOutput('<!DOCTYPE html ...')
#8 /var/www/vhosts/ns5001601.ip-192-95-33.net/www.os-store.com/aier/protected/controllers/SiteController.php(86): CController->render('login', Array)
#9 /var/www/vhosts/ns5001601.ip-192-95-33.net/www.os-store.com/aier/framework/web/actions/CInlineAction.php(49): SiteController->actionLogin()
#10 /var/www/vhosts/ns5001601.ip-192-95-33.net/www.os-store.com/aier/framework/web/CController.php(308): CInlineAction->runWithParams(Array)
#11 /var/www/vhosts/ns5001601.ip-192-95-33.net/www.os-store.com/aier/framework/web/CController.php(286): CController->runAction(Object(CInlineAction))
#12 /var/www/vhosts/ns5001601.ip-192-95-33.net/www.os-store.com/aier/framework/web/CController.php(265): CController->runActionWithFilters(Object(CInlineAction), Array)
#13 /var/www/vhosts/ns5001601.ip-192-95-33.net/www.os-store.com/aier/framework/web/CWebApplication.php(282): CController->run('login')
#14 /var/www/vhosts/ns5001601.ip-192-95-33.net/www.os-store.com/aier/framework/web/CWebApplication.php(141): CWebApplication->runController('site/login')
#15 /var/www/vhosts/ns5001601.ip-192-95-33.net/www.os-store.com/aier/framework/base/CApplication.php(169): CWebApplication->processRequest()
#16 /var/www/vhosts/ns5001601.ip-192-95-33.net/www.os-store.com/aier/index.php(11): CApplication->run()
#17 {main}
REQUEST_URI=/aier/index.php/site/login
HTTP_REFERER=http://www.os-store.com/aier/index.php/jobs/index
---
2013/07/26 12:24:45 [error] [exception.CException] exception 'CException' with message 'Property "CWebApplication.Users" is not defined.' in /var/www/vhosts/ns5001601.ip-192-95-33.net/www.os-store.com/aier/framework/base/CComponent.php:130
Stack trace:
#0 /var/www/vhosts/ns5001601.ip-192-95-33.net/www.os-store.com/aier/framework/base/CModule.php(105): CComponent->__get('Users')
#1 /var/www/vhosts/ns5001601.ip-192-95-33.net/www.os-store.com/aier/protected/controllers/JobsController.php(53): CModule->__get('Users')
#2 /var/www/vhosts/ns5001601.ip-192-95-33.net/www.os-store.com/aier/framework/web/actions/CInlineAction.php(49): JobsController->actionIndex()
#3 /var/www/vhosts/ns5001601.ip-192-95-33.net/www.os-store.com/aier/framework/web/CController.php(308): CInlineAction->runWithParams(Array)
#4 /var/www/vhosts/ns5001601.ip-192-95-33.net/www.os-store.com/aier/framework/web/filters/CFilterChain.php(133): CController->runAction(Object(CInlineAction))
#5 /var/www/vhosts/ns5001601.ip-192-95-33.net/www.os-store.com/aier/framework/web/filters/CFilter.php(40): CFilterChain->run()
#6 /var/www/vhosts/ns5001601.ip-192-95-33.net/www.os-store.com/aier/framework/web/CController.php(1145): CFilter->filter(Object(CFilterChain))
#7 /var/www/vhosts/ns5001601.ip-192-95-33.net/www.os-store.com/aier/framework/web/filters/CInlineFilter.php(58): CController->filterAccessControl(Object(CFilterChain))
#8 /var/www/vhosts/ns5001601.ip-192-95-33.net/www.os-store.com/aier/framework/web/filters/CFilterChain.php(130): CInlineFilter->filter(Object(CFilterChain))
#9 /var/www/vhosts/ns5001601.ip-192-95-33.net/www.os-store.com/aier/framework/web/CController.php(291): CFilterChain->run()
#10 /var/www/vhosts/ns5001601.ip-192-95-33.net/www.os-store.com/aier/framework/web/CController.php(265): CController->runActionWithFilters(Object(CInlineAction), Array)
#11 /var/www/vhosts/ns5001601.ip-192-95-33.net/www.os-store.com/aier/framework/web/CWebApplication.php(282): CController->run('index')
#12 /var/www/vhosts/ns5001601.ip-192-95-33.net/www.os-store.com/aier/framework/web/CWebApplication.php(141): CWebApplication->runController('jobs/index')
#13 /var/www/vhosts/ns5001601.ip-192-95-33.net/www.os-store.com/aier/framework/base/CApplication.php(169): CWebApplication->processRequest()
#14 /var/www/vhosts/ns5001601.ip-192-95-33.net/www.os-store.com/aier/index.php(11): CApplication->run()
#15 {main}
REQUEST_URI=/aier/index.php/jobs/index
HTTP_REFERER=http://www.os-store.com/aier/index.php/site/login
---
2013/07/26 12:25:41 [error] [php] include(Users.php): failed to open stream: No such file or directory (/var/www/vhosts/ns5001601.ip-192-95-33.net/www.os-store.com/aier/framework/YiiBase.php:421)
Stack trace:
#0 /var/www/vhosts/ns5001601.ip-192-95-33.net/www.os-store.com/aier/protected/controllers/JobsController.php(53): spl_autoload_call()
#1 /var/www/vhosts/ns5001601.ip-192-95-33.net/www.os-store.com/aier/framework/web/actions/CInlineAction.php(49): JobsController->actionIndex()
#2 /var/www/vhosts/ns5001601.ip-192-95-33.net/www.os-store.com/aier/framework/web/CController.php(308): CInlineAction->runWithParams()
#3 /var/www/vhosts/ns5001601.ip-192-95-33.net/www.os-store.com/aier/framework/web/filters/CFilterChain.php(133): JobsController->runAction()
#4 /var/www/vhosts/ns5001601.ip-192-95-33.net/www.os-store.com/aier/framework/web/filters/CFilter.php(40): CFilterChain->run()
#5 /var/www/vhosts/ns5001601.ip-192-95-33.net/www.os-store.com/aier/framework/web/CController.php(1145): CAccessControlFilter->filter()
#6 /var/www/vhosts/ns5001601.ip-192-95-33.net/www.os-store.com/aier/framework/web/filters/CInlineFilter.php(58): JobsController->filterAccessControl()
#7 /var/www/vhosts/ns5001601.ip-192-95-33.net/www.os-store.com/aier/framework/web/filters/CFilterChain.php(130): CInlineFilter->filter()
#8 /var/www/vhosts/ns5001601.ip-192-95-33.net/www.os-store.com/aier/framework/web/CController.php(291): CFilterChain->run()
#9 /var/www/vhosts/ns5001601.ip-192-95-33.net/www.os-store.com/aier/framework/web/CController.php(265): JobsController->runActionWithFilters()
#10 /var/www/vhosts/ns5001601.ip-192-95-33.net/www.os-store.com/aier/framework/web/CWebApplication.php(282): JobsController->run()
#11 /var/www/vhosts/ns5001601.ip-192-95-33.net/www.os-store.com/aier/framework/web/CWebApplication.php(141): CWebApplication->runController()
#12 /var/www/vhosts/ns5001601.ip-192-95-33.net/www.os-store.com/aier/framework/base/CApplication.php(169): CWebApplication->processRequest()
#13 /var/www/vhosts/ns5001601.ip-192-95-33.net/www.os-store.com/aier/index.php(11): CWebApplication->run()
REQUEST_URI=/aier/index.php/jobs/index
2013/09/16 13:00:37 [error] [exception.CHttpException.404] exception 'CHttpException' with message 'The system is unable to find the requested action "reloadproduct".' in /var/www/vhosts/ns5001601.ip-192-95-33.net/www.os-store.com/aier/framework/web/CController.php:483
Stack trace:
#0 /var/www/vhosts/ns5001601.ip-192-95-33.net/www.os-store.com/aier/framework/web/CController.php(270): CController->missingAction('reloadproduct')
#1 /var/www/vhosts/ns5001601.ip-192-95-33.net/www.os-store.com/aier/framework/web/CWebApplication.php(282): CController->run('reloadproduct')
#2 /var/www/vhosts/ns5001601.ip-192-95-33.net/www.os-store.com/aier/framework/web/CWebApplication.php(141): CWebApplication->runController('jobs/reloadprod...')
#3 /var/www/vhosts/ns5001601.ip-192-95-33.net/www.os-store.com/aier/framework/base/CApplication.php(169): CWebApplication->processRequest()
#4 /var/www/vhosts/ns5001601.ip-192-95-33.net/www.os-store.com/aier/index.php(11): CApplication->run()
#5 {main}
REQUEST_URI=/aier/index.php/jobs/reloadproduct?_=1379350835255
HTTP_REFERER=http://www.os-store.com/aier/
---
